# JRE version: Java(TM) SE Runtime Environment (8.0_31-b13) (build 1.8.0_31-b13)
# Java VM: Java HotSpot(TM) 64-Bit Server VM (25.31-b07 mixed mode windows-amd64 compressed oops)
Heap:
 PSYoungGen      total 49664K, used 16214K [0x0000000780780000, 0x0000000784000000, 0x00000007c0000000)
  eden space 48128K, 30% used [0x0000000780780000,0x0000000781611838,0x0000000783680000)
  from space 1536K, 84% used [0x0000000783780000,0x00000007838c4010,0x0000000783900000)
  to   space 2048K, 0% used [0x0000000783e00000,0x0000000783e00000,0x0000000784000000)
 ParOldGen       total 131072K, used 48K [0x0000000701600000, 0x0000000709600000, 0x0000000780780000)
  object space 131072K, 0% used [0x0000000701600000,0x000000070160c000,0x0000000709600000)
 Metaspace       used 5505K, capacity 6075K, committed 6272K, reserved 1056768K
  class space    used 506K, capacity 528K, committed 640K, reserved 1048576K
GC Heap History (10 events):
Event: 0.975 GC heap before
{Heap before GC invocations=1 (full 0):
 PSYoungGen      total 57344K, used 49152K [0x0000000780780000, 0x0000000784780000, 0x00000007c0000000)
  eden space 49152K, 100% used [0x0000000780780000,0x0000000783780000,0x0000000783780000)
  from space 8192K, 0% used [0x0000000783f80000,0x0000000783f80000,0x0000000784780000)
  to   space 8192K, 0% used [0x0000000783780000,0x0000000783780000,0x0000000783f80000)
 ParOldGen       total 131072K, used 0K [0x0000000701600000, 0x0000000709600000, 0x0000000780780000)
  object space 131072K, 0% used [0x0000000701600000,0x0000000701600000,0x0000000709600000)
 Metaspace       used 5447K, capacity 6075K, committed 6272K, reserved 1056768K
  class space    used 503K, capacity 528K, committed 640K, reserved 1048576K
Event: 0.976 GC heap after
Heap after GC invocations=1 (full 0):
 PSYoungGen      total 57344K, used 1988K [0x0000000780780000, 0x0000000784780000, 0x00000007c0000000)
  eden space 49152K, 0% used [0x0000000780780000,0x0000000780780000,0x0000000783780000)
  from space 8192K, 24% used [0x0000000783780000,0x00000007839711a8,0x0000000783f80000)
  to   space 8192K, 0% used [0x0000000783f80000,0x0000000783f80000,0x0000000784780000)
 ParOldGen       total 131072K, used 16K [0x0000000701600000, 0x0000000709600000, 0x0000000780780000)
  object space 131072K, 0% used [0x0000000701600000,0x0000000701604000,0x0000000709600000)
 Metaspace       used 5447K, capacity 6075K, committed 6272K, reserved 1056768K
  class space    used 503K, capacity 528K, committed 640K, reserved 1048576K
}
Event: 1.925 GC heap before
{Heap before GC invocations=2 (full 0):
 PSYoungGen      total 57344K, used 51140K [0x0000000780780000, 0x0000000784780000, 0x00000007c0000000)
  eden space 49152K, 100% used [0x0000000780780000,0x0000000783780000,0x0000000783780000)
  from space 8192K, 24% used [0x0000000783780000,0x00000007839711a8,0x0000000783f80000)
  to   space 8192K, 0% used [0x0000000783f80000,0x0000000783f80000,0x0000000784780000)
 ParOldGen       total 131072K, used 16K [0x0000000701600000, 0x0000000709600000, 0x0000000780780000)
  object space 131072K, 0% used [0x0000000701600000,0x0000000701604000,0x0000000709600000)
 Metaspace       used 5468K, capacity 6075K, committed 6272K, reserved 1056768K
  class space    used 503K, capacity 528K, committed 640K, reserved 1048576K
Event: 1.926 GC heap after
Heap after GC invocations=2 (full 0):
 PSYoungGen      total 57344K, used 1248K [0x0000000780780000, 0x0000000784780000, 0x00000007c0000000)
  eden space 49152K, 0% used [0x0000000780780000,0x0000000780780000,0x0000000783780000)
  from space 8192K, 15% used [0x0000000783f80000,0x00000007840b8020,0x0000000784780000)
  to   space 8192K, 0% used [0x0000000783780000,0x0000000783780000,0x0000000783f80000)
 ParOldGen       total 131072K, used 24K [0x0000000701600000, 0x0000000709600000, 0x0000000780780000)
  object space 131072K, 0% used [0x0000000701600000,0x0000000701606000,0x0000000709600000)
 Metaspace       used 5468K, capacity 6075K, committed 6272K, reserved 1056768K
  class space    used 503K, capacity 528K, committed 640K, reserved 1048576K
}
Event: 5.357 GC heap before
{Heap before GC invocations=3 (full 0):
 PSYoungGen      total 57344K, used 50400K [0x0000000780780000, 0x0000000784780000, 0x00000007c0000000)
  eden space 49152K, 100% used [0x0000000780780000,0x0000000783780000,0x0000000783780000)
  from space 8192K, 15% used [0x0000000783f80000,0x00000007840b8020,0x0000000784780000)
  to   space 8192K, 0% used [0x0000000783780000,0x0000000783780000,0x0000000783f80000)
 ParOldGen       total 131072K, used 24K [0x0000000701600000, 0x0000000709600000, 0x0000000780780000)
  object space 131072K, 0% used [0x0000000701600000,0x0000000701606000,0x0000000709600000)
 Metaspace       used 5478K, capacity 6075K, committed 6272K, reserved 1056768K
  class space    used 504K, capacity 528K, committed 640K, reserved 1048576K
Event: 5.358 GC heap after
Heap after GC invocations=3 (full 0):
 PSYoungGen      total 57344K, used 1248K [0x0000000780780000, 0x0000000784780000, 0x00000007c0000000)
  eden space 49152K, 0% used [0x0000000780780000,0x0000000780780000,0x0000000783780000)
  from space 8192K, 15% used [0x0000000783780000,0x00000007838b8020,0x0000000783f80000)
  to   space 8192K, 0% used [0x0000000783f80000,0x0000000783f80000,0x0000000784780000)
 ParOldGen       total 131072K, used 32K [0x0000000701600000, 0x0000000709600000, 0x0000000780780000)
  object space 131072K, 0% used [0x0000000701600000,0x0000000701608000,0x0000000709600000)
 Metaspace       used 5478K, capacity 6075K, committed 6272K, reserved 1056768K
  class space    used 504K, capacity 528K, committed 640K, reserved 1048576K
}
Event: 8.588 GC heap before
{Heap before GC invocations=4 (full 0):
 PSYoungGen      total 57344K, used 50400K [0x0000000780780000, 0x0000000784780000, 0x00000007c0000000)
  eden space 49152K, 100% used [0x0000000780780000,0x0000000783780000,0x0000000783780000)
  from space 8192K, 15% used [0x0000000783780000,0x00000007838b8020,0x0000000783f80000)
  to   space 8192K, 0% used [0x0000000783f80000,0x0000000783f80000,0x0000000784780000)
 ParOldGen       total 131072K, used 32K [0x0000000701600000, 0x0000000709600000, 0x0000000780780000)
  object space 131072K, 0% used [0x0000000701600000,0x0000000701608000,0x0000000709600000)
 Metaspace       used 5478K, capacity 6075K, committed 6272K, reserved 1056768K
  class space    used 504K, capacity 528K, committed 640K, reserved 1048576K
Event: 8.590 GC heap after
Heap after GC invocations=4 (full 0):
 PSYoungGen      total 57344K, used 1232K [0x0000000780780000, 0x0000000784780000, 0x00000007c0000000)
  eden space 49152K, 0% used [0x0000000780780000,0x0000000780780000,0x0000000783780000)
  from space 8192K, 15% used [0x0000000783f80000,0x00000007840b4010,0x0000000784780000)
  to   space 8192K, 0% used [0x0000000783780000,0x0000000783780000,0x0000000783f80000)
 ParOldGen       total 131072K, used 40K [0x0000000701600000, 0x0000000709600000, 0x0000000780780000)
  object space 131072K, 0% used [0x0000000701600000,0x000000070160a000,0x0000000709600000)
 Metaspace       used 5478K, capacity 6075K, committed 6272K, reserved 1056768K
  class space    used 504K, capacity 528K, committed 640K, reserved 1048576K
}
Event: 11.897 GC heap before
{Heap before GC invocations=5 (full 0):
 PSYoungGen      total 57344K, used 50384K [0x0000000780780000, 0x0000000784780000, 0x00000007c0000000)
  eden space 49152K, 100% used [0x0000000780780000,0x0000000783780000,0x0000000783780000)
  from space 8192K, 15% used [0x0000000783f80000,0x00000007840b4010,0x0000000784780000)
  to   space 8192K, 0% used [0x0000000783780000,0x0000000783780000,0x0000000783f80000)
 ParOldGen       total 131072K, used 40K [0x0000000701600000, 0x0000000709600000, 0x0000000780780000)
  object space 131072K, 0% used [0x0000000701600000,0x000000070160a000,0x0000000709600000)
 Metaspace       used 5482K, capacity 6075K, committed 6272K, reserved 1056768K
  class space    used 504K, capacity 528K, committed 640K, reserved 1048576K
Event: 11.898 GC heap after
Heap after GC invocations=5 (full 0):
 PSYoungGen      total 49664K, used 1296K [0x0000000780780000, 0x0000000784000000, 0x00000007c0000000)
  eden space 48128K, 0% used [0x0000000780780000,0x0000000780780000,0x0000000783680000)
  from space 1536K, 84% used [0x0000000783780000,0x00000007838c4010,0x0000000783900000)
  to   space 2048K, 0% used [0x0000000783e00000,0x0000000783e00000,0x0000000784000000)
 ParOldGen       total 131072K, used 48K [0x0000000701600000, 0x0000000709600000, 0x0000000780780000)
  object space 131072K, 0% used [0x0000000701600000,0x000000070160c000,0x0000000709600000)
 Metaspace       used 5482K, capacity 6075K, committed 6272K, reserved 1056768K
  class space    used 504K, capacity 528K, committed 640K, reserved 1048576K
}

